[debug] [2022-03-03T09:30:06.465Z] ----------------------------------------------------------------------
[debug] [2022-03-03T09:30:06.467Z] Command:       /usr/local/bin/node /usr/local/bin/firebase serve --port 5000
[debug] [2022-03-03T09:30:06.467Z] CLI Version:   10.2.2
[debug] [2022-03-03T09:30:06.467Z] Platform:      darwin
[debug] [2022-03-03T09:30:06.467Z] Node Version:  v16.13.1
[debug] [2022-03-03T09:30:06.468Z] Time:          Thu Mar 03 2022 11:30:06 GMT+0200 (Central Africa Time)
[debug] [2022-03-03T09:30:06.468Z] ----------------------------------------------------------------------
[debug] 
[debug] [2022-03-03T09:30:06.532Z] Field ".emulators.functions.port" in "firebase.json" is possibly invalid: should be number
[debug] [2022-03-03T09:30:06.535Z] > command requires scopes: ["email","openid","https://www.googleapis.com/auth/cloudplatformprojects.readonly","https://www.googleapis.com/auth/firebase","https://www.googleapis.com/auth/cloud-platform"]
[debug] [2022-03-03T09:30:06.535Z] > authorizing via signed-in user (liokandekwe@gmail.com)
[debug] [2022-03-03T09:30:06.535Z] [iam] checking project react-app-1cdea for permissions ["firebase.projects.get"]
[debug] [2022-03-03T09:30:06.536Z] > refreshing access token with scopes: []
[debug] [2022-03-03T09:30:06.536Z] >>> HTTP REQUEST POST https://www.googleapis.com/oauth2/v3/token  
 <request body omitted>
[debug] [2022-03-03T09:30:07.153Z] <<< HTTP RESPONSE 200 {"cache-control":"no-cache, no-store, max-age=0, must-revalidate","date":"Thu, 03 Mar 2022 09:30:07 GMT","pragma":"no-cache","expires":"Mon, 01 Jan 1990 00:00:00 GMT","content-type":"application/json; charset=utf-8","vary":"X-Origin, Referer, Origin,Accept-Encoding","server":"scaffolding on HTTPServer2","x-xss-protection":"0","x-frame-options":"SAMEORIGIN","x-content-type-options":"nosniff","alt-svc":"h3=\":443\"; ma=2592000,h3-29=\":443\"; ma=2592000,h3-Q050=\":443\"; ma=2592000,h3-Q046=\":443\"; ma=2592000,h3-Q043=\":443\"; ma=2592000,quic=\":443\"; ma=2592000; v=\"46,43\"","accept-ranges":"none","transfer-encoding":"chunked"}
[debug] [2022-03-03T09:30:07.198Z] >>> [apiv2][query] POST https://cloudresourcemanager.googleapis.com/v1/projects/react-app-1cdea:testIamPermissions [none]
[debug] [2022-03-03T09:30:07.198Z] >>> [apiv2][body] POST https://cloudresourcemanager.googleapis.com/v1/projects/react-app-1cdea:testIamPermissions {"permissions":["firebase.projects.get"]}
[debug] [2022-03-03T09:30:09.251Z] <<< [apiv2][status] POST https://cloudresourcemanager.googleapis.com/v1/projects/react-app-1cdea:testIamPermissions 200
[debug] [2022-03-03T09:30:09.251Z] <<< [apiv2][body] POST https://cloudresourcemanager.googleapis.com/v1/projects/react-app-1cdea:testIamPermissions {"permissions":["firebase.projects.get"]}
[debug] [2022-03-03T09:30:09.252Z] >>> [apiv2][query] GET https://firebase.googleapis.com/v1beta1/projects/react-app-1cdea [none]
[debug] [2022-03-03T09:30:10.058Z] <<< [apiv2][status] GET https://firebase.googleapis.com/v1beta1/projects/react-app-1cdea 200
[debug] [2022-03-03T09:30:10.058Z] <<< [apiv2][body] GET https://firebase.googleapis.com/v1beta1/projects/react-app-1cdea {"projectId":"react-app-1cdea","projectNumber":"225868507630","displayName":"amazon-react-app","name":"projects/react-app-1cdea","resources":{"hostingSite":"react-app-1cdea","storageBucket":"react-app-1cdea.appspot.com","locationId":"us-central"},"state":"ACTIVE"}
[info] 
[info] === Serving from '/Users/lionelkandekwe/Documents/Programming/Projects/AmazonApp/amazon-react-app'...
[info] 
[debug] [2022-03-03T09:30:10.062Z] >>> [apiv2][query] GET https://firebasehosting.googleapis.com/v1beta1/projects/react-app-1cdea/sites 
[info] ✔  functions: Using node@16 from host. {"metadata":{"emulator":{"name":"functions"},"message":"Using node@16 from host."}}
[debug] [2022-03-03T09:30:10.077Z] defaultcredentials: writing to file /Users/lionelkandekwe/.config/firebase/liokandekwe_gmail_com_application_default_credentials.json
[debug] [2022-03-03T09:30:10.079Z] Setting GAC to /Users/lionelkandekwe/.config/firebase/liokandekwe_gmail_com_application_default_credentials.json {"metadata":{"emulator":{"name":"functions"},"message":"Setting GAC to /Users/lionelkandekwe/.config/firebase/liokandekwe_gmail_com_application_default_credentials.json"}}
[debug] [2022-03-03T09:30:10.080Z] >>> [apiv2][query] GET https://firebase.googleapis.com/v1beta1/projects/react-app-1cdea/adminSdkConfig [none]
[debug] [2022-03-03T09:30:10.852Z] <<< [apiv2][status] GET https://firebase.googleapis.com/v1beta1/projects/react-app-1cdea/adminSdkConfig 200
[debug] [2022-03-03T09:30:10.852Z] <<< [apiv2][body] GET https://firebase.googleapis.com/v1beta1/projects/react-app-1cdea/adminSdkConfig {"projectId":"react-app-1cdea","storageBucket":"react-app-1cdea.appspot.com","locationId":"us-central"}
[debug] [2022-03-03T09:30:12.373Z] <<< [apiv2][status] GET https://firebasehosting.googleapis.com/v1beta1/projects/react-app-1cdea/sites 200
[debug] [2022-03-03T09:30:12.374Z] <<< [apiv2][body] GET https://firebasehosting.googleapis.com/v1beta1/projects/react-app-1cdea/sites {"sites":[{"name":"projects/225868507630/sites/react-app-1cdea","defaultUrl":"https://react-app-1cdea.web.app","appId":"1:225868507630:web:c2a03e5149e530ad3346ff","type":"DEFAULT_SITE"}]}
[debug] [2022-03-03T09:30:12.375Z] >>> [apiv2][query] GET https://firebase.googleapis.com/v1beta1/projects/react-app-1cdea/webApps/1:225868507630:web:c2a03e5149e530ad3346ff/config [none]
[debug] [2022-03-03T09:30:13.690Z] <<< [apiv2][status] GET https://firebase.googleapis.com/v1beta1/projects/react-app-1cdea/webApps/1:225868507630:web:c2a03e5149e530ad3346ff/config 200
[debug] [2022-03-03T09:30:13.691Z] <<< [apiv2][body] GET https://firebase.googleapis.com/v1beta1/projects/react-app-1cdea/webApps/1:225868507630:web:c2a03e5149e530ad3346ff/config {"projectId":"react-app-1cdea","appId":"1:225868507630:web:c2a03e5149e530ad3346ff","storageBucket":"react-app-1cdea.appspot.com","locationId":"us-central","apiKey":"AIzaSyA1oKkBchtcvu05qkY38XjpmKZPWwvfdRI","authDomain":"react-app-1cdea.firebaseapp.com","messagingSenderId":"225868507630"}
[info] i  functions: Watching "/Users/lionelkandekwe/Documents/Programming/Projects/AmazonApp/amazon-react-app/functions" for Cloud Functions... {"metadata":{"emulator":{"name":"functions"},"message":"Watching \"/Users/lionelkandekwe/Documents/Programming/Projects/AmazonApp/amazon-react-app/functions\" for Cloud Functions..."}}
[info] i  hosting: Serving hosting files from: build {"metadata":{"emulator":{"name":"hosting"},"message":"Serving hosting files from: \u001b[1mbuild\u001b[22m"}}
[info] ✔  hosting: Local server: http://localhost:5000 {"metadata":{"emulator":{"name":"hosting"},"message":"Local server: \u001b[4m\u001b[1mhttp://localhost:5000\u001b[22m\u001b[24m"}}
[debug] [2022-03-03T09:30:13.734Z] Validating nodejs source
[debug] [2022-03-03T09:30:14.749Z] > [functions] package.json contents: {
  "name": "functions",
  "description": "Cloud Functions for Firebase",
  "scripts": {
    "lint": "eslint .",
    "serve": "firebase emulators:start --only functions",
    "shell": "firebase functions:shell",
    "start": "npm run shell",
    "deploy": "firebase deploy --only functions",
    "logs": "firebase functions:log"
  },
  "engines": {
    "node": "16"
  },
  "main": "index.js",
  "dependencies": {
    "cors": "^2.8.5",
    "express": "^4.17.3",
    "firebase-admin": "^9.8.0",
    "firebase-functions": "^3.14.1",
    "stripe": "^8.205.0"
  },
  "devDependencies": {
    "eslint": "^7.6.0",
    "eslint-config-google": "^0.14.0",
    "firebase-functions-test": "^0.2.0"
  },
  "private": true
}
[debug] [2022-03-03T09:30:14.749Z] Building nodejs source
[debug] [2022-03-03T09:30:14.749Z] Analyzing nodejs backend spec
[info] ✔  functions[us-central1-api]: http function initialized (http://localhost:5001/react-app-1cdea/us-central1/api). {"metadata":{"emulator":{"name":"functions"},"message":"\u001b[1mhttp\u001b[22m function initialized (http://localhost:5001/react-app-1cdea/us-central1/api)."}}
[debug] [2022-03-03T09:31:00.648Z] [work-queue] {"queueLength":1,"workRunningCount":0}
[debug] [2022-03-03T09:31:00.649Z] [work-queue] {"queueLength":0,"workRunningCount":1}
[debug] [2022-03-03T09:31:00.649Z] Accepted request POST /react-app-1cdea/us-central1/api/payments/create?total=31488 --> us-central1-api
[debug] [2022-03-03T09:31:00.660Z] [worker-pool] addWorker(us-central1-api) {"metadata":{"emulator":{"name":"functions"},"message":"[worker-pool] addWorker(us-central1-api)"}}
[debug] [2022-03-03T09:31:00.661Z] [worker-pool] Adding worker with key us-central1-api, total=1 {"metadata":{"emulator":{"name":"functions"},"message":"[worker-pool] Adding worker with key us-central1-api, total=1"}}
[debug] [2022-03-03T09:31:00.661Z] [worker-pool] submitWork(triggerId=us-central1-api) {"metadata":{"emulator":{"name":"functions"},"message":"[worker-pool] submitWork(triggerId=us-central1-api)"}}
[debug] [2022-03-03T09:31:00.661Z] [worker-us-central1-api-12030a74-9175-4590-9d11-f25f76d0e267]: Assigning socketPath: /var/folders/89/z45wdnw933x6_6rr35nbl1ym0000gn/T/fire_emu_27800.sock {"metadata":{"emulator":{"name":"functions"},"message":"[worker-us-central1-api-12030a74-9175-4590-9d11-f25f76d0e267]: Assigning socketPath: /var/folders/89/z45wdnw933x6_6rr35nbl1ym0000gn/T/fire_emu_27800.sock"}}
[debug] [2022-03-03T09:31:00.662Z] [worker-us-central1-api-12030a74-9175-4590-9d11-f25f76d0e267]: BUSY {"metadata":{"emulator":{"name":"functions"},"message":"[worker-us-central1-api-12030a74-9175-4590-9d11-f25f76d0e267]: BUSY"}}
[debug] [2022-03-03T09:31:01.269Z] [runtime-status] [27800] Functions runtime initialized. {"cwd":"/Users/lionelkandekwe/Documents/Programming/Projects/AmazonApp/amazon-react-app/functions","node_version":"16.13.1"} {"metadata":{"emulator":{"name":"functions"},"function":{"name":"us-central1-api"},"extension":{},"message":"[runtime-status] [27800] Functions runtime initialized. {\"cwd\":\"/Users/lionelkandekwe/Documents/Programming/Projects/AmazonApp/amazon-react-app/functions\",\"node_version\":\"16.13.1\"}"}}
[debug] [2022-03-03T09:31:01.269Z] [runtime-status] [27800] Disabled runtime features: undefined {"metadata":{"emulator":{"name":"functions"},"function":{"name":"us-central1-api"},"extension":{},"message":"[runtime-status] [27800] Disabled runtime features: undefined"}}
[debug] [2022-03-03T09:31:01.271Z] [runtime-status] [27800] Resolved module firebase-admin {"declared":true,"installed":true,"version":"9.12.0","resolution":"/Users/lionelkandekwe/Documents/Programming/Projects/AmazonApp/amazon-react-app/functions/node_modules/firebase-admin/lib/index.js"} {"metadata":{"emulator":{"name":"functions"},"function":{"name":"us-central1-api"},"extension":{},"message":"[runtime-status] [27800] Resolved module firebase-admin {\"declared\":true,\"installed\":true,\"version\":\"9.12.0\",\"resolution\":\"/Users/lionelkandekwe/Documents/Programming/Projects/AmazonApp/amazon-react-app/functions/node_modules/firebase-admin/lib/index.js\"}"}}
[debug] [2022-03-03T09:31:01.271Z] [runtime-status] [27800] Resolved module firebase-functions {"declared":true,"installed":true,"version":"3.18.1","resolution":"/Users/lionelkandekwe/Documents/Programming/Projects/AmazonApp/amazon-react-app/functions/node_modules/firebase-functions/lib/index.js"} {"metadata":{"emulator":{"name":"functions"},"function":{"name":"us-central1-api"},"extension":{},"message":"[runtime-status] [27800] Resolved module firebase-functions {\"declared\":true,\"installed\":true,\"version\":\"3.18.1\",\"resolution\":\"/Users/lionelkandekwe/Documents/Programming/Projects/AmazonApp/amazon-react-app/functions/node_modules/firebase-functions/lib/index.js\"}"}}
[debug] [2022-03-03T09:31:01.272Z] [runtime-status] [27800] Outgoing network have been stubbed. [{"name":"http","status":"mocked"},{"name":"http","status":"mocked"},{"name":"https","status":"mocked"},{"name":"https","status":"mocked"},{"name":"net","status":"mocked"}] {"metadata":{"emulator":{"name":"functions"},"function":{"name":"us-central1-api"},"extension":{},"message":"[runtime-status] [27800] Outgoing network have been stubbed. [{\"name\":\"http\",\"status\":\"mocked\"},{\"name\":\"http\",\"status\":\"mocked\"},{\"name\":\"https\",\"status\":\"mocked\"},{\"name\":\"https\",\"status\":\"mocked\"},{\"name\":\"net\",\"status\":\"mocked\"}]"}}
[debug] [2022-03-03T09:31:01.272Z] [runtime-status] [27800] Resolved module firebase-functions {"declared":true,"installed":true,"version":"3.18.1","resolution":"/Users/lionelkandekwe/Documents/Programming/Projects/AmazonApp/amazon-react-app/functions/node_modules/firebase-functions/lib/index.js"} {"metadata":{"emulator":{"name":"functions"},"function":{"name":"us-central1-api"},"extension":{},"message":"[runtime-status] [27800] Resolved module firebase-functions {\"declared\":true,\"installed\":true,\"version\":\"3.18.1\",\"resolution\":\"/Users/lionelkandekwe/Documents/Programming/Projects/AmazonApp/amazon-react-app/functions/node_modules/firebase-functions/lib/index.js\"}"}}
[debug] [2022-03-03T09:31:01.298Z] [runtime-status] [27800] Checked functions.config() {"config":{}} {"metadata":{"emulator":{"name":"functions"},"function":{"name":"us-central1-api"},"extension":{},"message":"[runtime-status] [27800] Checked functions.config() {\"config\":{}}"}}
[debug] [2022-03-03T09:31:01.298Z] [runtime-status] [27800] firebase-functions has been stubbed. {"functionsResolution":{"declared":true,"installed":true,"version":"3.18.1","resolution":"/Users/lionelkandekwe/Documents/Programming/Projects/AmazonApp/amazon-react-app/functions/node_modules/firebase-functions/lib/index.js"}} {"metadata":{"emulator":{"name":"functions"},"function":{"name":"us-central1-api"},"extension":{},"message":"[runtime-status] [27800] firebase-functions has been stubbed. {\"functionsResolution\":{\"declared\":true,\"installed\":true,\"version\":\"3.18.1\",\"resolution\":\"/Users/lionelkandekwe/Documents/Programming/Projects/AmazonApp/amazon-react-app/functions/node_modules/firebase-functions/lib/index.js\"}}"}}
[debug] [2022-03-03T09:31:01.298Z] [runtime-status] [27800] Resolved module firebase-functions {"declared":true,"installed":true,"version":"3.18.1","resolution":"/Users/lionelkandekwe/Documents/Programming/Projects/AmazonApp/amazon-react-app/functions/node_modules/firebase-functions/lib/index.js"} {"metadata":{"emulator":{"name":"functions"},"function":{"name":"us-central1-api"},"extension":{},"message":"[runtime-status] [27800] Resolved module firebase-functions {\"declared\":true,\"installed\":true,\"version\":\"3.18.1\",\"resolution\":\"/Users/lionelkandekwe/Documents/Programming/Projects/AmazonApp/amazon-react-app/functions/node_modules/firebase-functions/lib/index.js\"}"}}
[debug] [2022-03-03T09:31:01.299Z] [runtime-status] [27800] Resolved module firebase-admin {"declared":true,"installed":true,"version":"9.12.0","resolution":"/Users/lionelkandekwe/Documents/Programming/Projects/AmazonApp/amazon-react-app/functions/node_modules/firebase-admin/lib/index.js"} {"metadata":{"emulator":{"name":"functions"},"function":{"name":"us-central1-api"},"extension":{},"message":"[runtime-status] [27800] Resolved module firebase-admin {\"declared\":true,\"installed\":true,\"version\":\"9.12.0\",\"resolution\":\"/Users/lionelkandekwe/Documents/Programming/Projects/AmazonApp/amazon-react-app/functions/node_modules/firebase-admin/lib/index.js\"}"}}
[debug] [2022-03-03T09:31:01.299Z] [runtime-status] [27800] Resolved module firebase-functions {"declared":true,"installed":true,"version":"3.18.1","resolution":"/Users/lionelkandekwe/Documents/Programming/Projects/AmazonApp/amazon-react-app/functions/node_modules/firebase-functions/lib/index.js"} {"metadata":{"emulator":{"name":"functions"},"function":{"name":"us-central1-api"},"extension":{},"message":"[runtime-status] [27800] Resolved module firebase-functions {\"declared\":true,\"installed\":true,\"version\":\"3.18.1\",\"resolution\":\"/Users/lionelkandekwe/Documents/Programming/Projects/AmazonApp/amazon-react-app/functions/node_modules/firebase-functions/lib/index.js\"}"}}
[debug] [2022-03-03T09:31:01.300Z] [runtime-status] [27800] firebase-admin has been stubbed. {"adminResolution":{"declared":true,"installed":true,"version":"9.12.0","resolution":"/Users/lionelkandekwe/Documents/Programming/Projects/AmazonApp/amazon-react-app/functions/node_modules/firebase-admin/lib/index.js"}} {"metadata":{"emulator":{"name":"functions"},"function":{"name":"us-central1-api"},"extension":{},"message":"[runtime-status] [27800] firebase-admin has been stubbed. {\"adminResolution\":{\"declared\":true,\"installed\":true,\"version\":\"9.12.0\",\"resolution\":\"/Users/lionelkandekwe/Documents/Programming/Projects/AmazonApp/amazon-react-app/functions/node_modules/firebase-admin/lib/index.js\"}}"}}
[debug] [2022-03-03T09:31:01.373Z] [runtime-status] [27800] Beginning invocation function api! {"metadata":{"emulator":{"name":"functions"},"function":{"name":"us-central1-api"},"extension":{},"message":"[runtime-status] [27800] Beginning invocation function api!"}}
[info] i  functions: Beginning execution of "api" {"metadata":{"emulator":{"name":"functions"},"function":{"name":"us-central1-api"},"extension":{},"message":"Beginning execution of \"api\""}}
[debug] [2022-03-03T09:31:01.373Z] [runtime-status] [27800] Running api in signature http {"metadata":{"emulator":{"name":"functions"},"function":{"name":"us-central1-api"},"extension":{},"message":"[runtime-status] [27800] Running api in signature http"}}
[debug] [2022-03-03T09:31:01.375Z] [runtime-status] [27800] Attempting to listen to socketPath: /var/folders/89/z45wdnw933x6_6rr35nbl1ym0000gn/T/fire_emu_27800.sock {"metadata":{"emulator":{"name":"functions"},"function":{"name":"us-central1-api"},"extension":{},"message":"[runtime-status] [27800] Attempting to listen to socketPath: /var/folders/89/z45wdnw933x6_6rr35nbl1ym0000gn/T/fire_emu_27800.sock"}}
[debug] [2022-03-03T09:31:01.379Z] [functions] Runtime ready! Sending request! {"metadata":{"emulator":{"name":"functions"},"message":"[functions] Runtime ready! Sending request!"}}
[debug] [2022-03-03T09:31:01.379Z] [functions] Got req.url=/react-app-1cdea/us-central1/api/payments/create?total=31488, mapping to path=/payments/create?total=31488 {"metadata":{"emulator":{"name":"functions"},"message":"[functions] Got req.url=/react-app-1cdea/us-central1/api/payments/create?total=31488, mapping to path=/payments/create?total=31488"}}
[debug] [2022-03-03T09:31:01.383Z] [runtime-status] [27800] Ephemeral server handling POST request {"metadata":{"emulator":{"name":"functions"},"function":{"name":"us-central1-api"},"extension":{},"message":"[runtime-status] [27800] Ephemeral server handling POST request"}}
[info] >  PAYMENT REQUEST RECEIVED====> 31488 {"user":"PAYMENT REQUEST RECEIVED====> 31488","metadata":{"emulator":{"name":"functions"},"function":{"name":"us-central1-api"},"extension":{},"message":"\u001b[90m> \u001b[39m PAYMENT REQUEST RECEIVED====> 31488"}}
[debug] [2022-03-03T09:31:01.391Z] [runtime-status] [27800] Ephemeral server survived. {"metadata":{"emulator":{"name":"functions"},"function":{"name":"us-central1-api"},"extension":{},"message":"[runtime-status] [27800] Ephemeral server survived."}}
[info] i  functions: Finished "api" in ~1s {"metadata":{"emulator":{"name":"functions"},"function":{"name":"us-central1-api"},"extension":{},"message":"Finished \"api\" in ~1s"}}
[debug] [2022-03-03T09:31:02.843Z] [worker-us-central1-api-12030a74-9175-4590-9d11-f25f76d0e267]: IDLE {"metadata":{"emulator":{"name":"functions"},"message":"[worker-us-central1-api-12030a74-9175-4590-9d11-f25f76d0e267]: IDLE"}}
[debug] [2022-03-03T09:31:02.844Z] [work-queue] {"queueLength":0,"workRunningCount":0}
[debug] [2022-03-03T09:31:37.081Z] [work-queue] {"queueLength":1,"workRunningCount":0}
[debug] [2022-03-03T09:31:37.081Z] [work-queue] {"queueLength":0,"workRunningCount":1}
[debug] [2022-03-03T09:31:37.081Z] Accepted request POST /react-app-1cdea/us-central1/api/payments/create?total=0 --> us-central1-api
[debug] [2022-03-03T09:31:37.081Z] [worker-pool] submitWork(triggerId=us-central1-api) {"metadata":{"emulator":{"name":"functions"},"message":"[worker-pool] submitWork(triggerId=us-central1-api)"}}
[debug] [2022-03-03T09:31:37.081Z] [worker-us-central1-api-12030a74-9175-4590-9d11-f25f76d0e267]: Assigning socketPath: /var/folders/89/z45wdnw933x6_6rr35nbl1ym0000gn/T/fire_emu_27800.sock {"metadata":{"emulator":{"name":"functions"},"message":"[worker-us-central1-api-12030a74-9175-4590-9d11-f25f76d0e267]: Assigning socketPath: /var/folders/89/z45wdnw933x6_6rr35nbl1ym0000gn/T/fire_emu_27800.sock"}}
[debug] [2022-03-03T09:31:37.081Z] [worker-us-central1-api-12030a74-9175-4590-9d11-f25f76d0e267]: BUSY {"metadata":{"emulator":{"name":"functions"},"message":"[worker-us-central1-api-12030a74-9175-4590-9d11-f25f76d0e267]: BUSY"}}
[debug] [2022-03-03T09:31:37.082Z] [runtime-status] [27800] Beginning invocation function api! {"metadata":{"emulator":{"name":"functions"},"function":{"name":"us-central1-api"},"extension":{},"message":"[runtime-status] [27800] Beginning invocation function api!"}}
[info] i  functions: Beginning execution of "api" {"metadata":{"emulator":{"name":"functions"},"function":{"name":"us-central1-api"},"extension":{},"message":"Beginning execution of \"api\""}}
[debug] [2022-03-03T09:31:37.083Z] [runtime-status] [27800] Running api in signature http {"metadata":{"emulator":{"name":"functions"},"function":{"name":"us-central1-api"},"extension":{},"message":"[runtime-status] [27800] Running api in signature http"}}
[debug] [2022-03-03T09:31:37.084Z] [runtime-status] [27800] Attempting to listen to socketPath: /var/folders/89/z45wdnw933x6_6rr35nbl1ym0000gn/T/fire_emu_27800.sock {"metadata":{"emulator":{"name":"functions"},"function":{"name":"us-central1-api"},"extension":{},"message":"[runtime-status] [27800] Attempting to listen to socketPath: /var/folders/89/z45wdnw933x6_6rr35nbl1ym0000gn/T/fire_emu_27800.sock"}}
[debug] [2022-03-03T09:31:37.087Z] [functions] Runtime ready! Sending request! {"metadata":{"emulator":{"name":"functions"},"message":"[functions] Runtime ready! Sending request!"}}
[debug] [2022-03-03T09:31:37.087Z] [functions] Got req.url=/react-app-1cdea/us-central1/api/payments/create?total=0, mapping to path=/payments/create?total=0 {"metadata":{"emulator":{"name":"functions"},"message":"[functions] Got req.url=/react-app-1cdea/us-central1/api/payments/create?total=0, mapping to path=/payments/create?total=0"}}
[debug] [2022-03-03T09:31:37.095Z] [runtime-status] [27800] Ephemeral server handling POST request {"metadata":{"emulator":{"name":"functions"},"function":{"name":"us-central1-api"},"extension":{},"message":"[runtime-status] [27800] Ephemeral server handling POST request"}}
[info] >  PAYMENT REQUEST RECEIVED====> 0 {"user":"PAYMENT REQUEST RECEIVED====> 0","metadata":{"emulator":{"name":"functions"},"function":{"name":"us-central1-api"},"extension":{},"message":"\u001b[90m> \u001b[39m PAYMENT REQUEST RECEIVED====> 0"}}
[debug] [2022-03-03T09:31:37.098Z] [runtime-status] [27800] Ephemeral server survived. {"metadata":{"emulator":{"name":"functions"},"function":{"name":"us-central1-api"},"extension":{},"message":"[runtime-status] [27800] Ephemeral server survived."}}
[info] >  /Users/lionelkandekwe/Documents/Programming/Projects/AmazonApp/amazon-react-app/functions/node_modules/stripe/lib/Error.js:40 {"user":"/Users/lionelkandekwe/Documents/Programming/Projects/AmazonApp/amazon-react-app/functions/node_modules/stripe/lib/Error.js:40","metadata":{"emulator":{"name":"functions"},"function":{"name":"us-central1-api"},"extension":{},"message":"\u001b[90m> \u001b[39m /Users/lionelkandekwe/Documents/Programming/Projects/AmazonApp/amazon-react-app/functions/node_modules/stripe/lib/Error.js:40"}}
[info] >          return new StripeInvalidRequestError(rawStripeError); {"user":"        return new StripeInvalidRequestError(rawStripeError);","metadata":{"emulator":{"name":"functions"},"function":{"name":"us-central1-api"},"extension":{},"message":"\u001b[90m> \u001b[39m         return new StripeInvalidRequestError(rawStripeError);"}}
[info] >                 ^ {"user":"               ^","metadata":{"emulator":{"name":"functions"},"function":{"name":"us-central1-api"},"extension":{},"message":"\u001b[90m> \u001b[39m                ^"}}
[info] >   {"user":"","metadata":{"emulator":{"name":"functions"},"function":{"name":"us-central1-api"},"extension":{},"message":"\u001b[90m> \u001b[39m "}}
[info] >  StripeInvalidRequestError: This value must be greater than or equal to 1. {"user":"StripeInvalidRequestError: This value must be greater than or equal to 1.","metadata":{"emulator":{"name":"functions"},"function":{"name":"us-central1-api"},"extension":{},"message":"\u001b[90m> \u001b[39m StripeInvalidRequestError: This value must be greater than or equal to 1."}}
[info] >      at Function.generate (/Users/lionelkandekwe/Documents/Programming/Projects/AmazonApp/amazon-react-app/functions/node_modules/stripe/lib/Error.js:40:16) {"user":"    at Function.generate (/Users/lionelkandekwe/Documents/Programming/Projects/AmazonApp/amazon-react-app/functions/node_modules/stripe/lib/Error.js:40:16)","metadata":{"emulator":{"name":"functions"},"function":{"name":"us-central1-api"},"extension":{},"message":"\u001b[90m> \u001b[39m     at Function.generate (/Users/lionelkandekwe/Documents/Programming/Projects/AmazonApp/amazon-react-app/functions/node_modules/stripe/lib/Error.js:40:16)"}}
[info] >      at res.toJSON.then.StripeAPIError.message (/Users/lionelkandekwe/Documents/Programming/Projects/AmazonApp/amazon-react-app/functions/node_modules/stripe/lib/StripeResource.js:220:35) {"user":"    at res.toJSON.then.StripeAPIError.message (/Users/lionelkandekwe/Documents/Programming/Projects/AmazonApp/amazon-react-app/functions/node_modules/stripe/lib/StripeResource.js:220:35)","metadata":{"emulator":{"name":"functions"},"function":{"name":"us-central1-api"},"extension":{},"message":"\u001b[90m> \u001b[39m     at res.toJSON.then.StripeAPIError.message (/Users/lionelkandekwe/Documents/Programming/Projects/AmazonApp/amazon-react-app/functions/node_modules/stripe/lib/StripeResource.js:220:35)"}}
[info] >      at processTicksAndRejections (node:internal/process/task_queues:96:5) { {"user":"    at processTicksAndRejections (node:internal/process/task_queues:96:5) {","metadata":{"emulator":{"name":"functions"},"function":{"name":"us-central1-api"},"extension":{},"message":"\u001b[90m> \u001b[39m     at processTicksAndRejections (node:internal/process/task_queues:96:5) {"}}
[info] >    type: 'StripeInvalidRequestError', {"user":"  type: 'StripeInvalidRequestError',","metadata":{"emulator":{"name":"functions"},"function":{"name":"us-central1-api"},"extension":{},"message":"\u001b[90m> \u001b[39m   type: 'StripeInvalidRequestError',"}}
[info] >    raw: { {"user":"  raw: {","metadata":{"emulator":{"name":"functions"},"function":{"name":"us-central1-api"},"extension":{},"message":"\u001b[90m> \u001b[39m   raw: {"}}
[info] >      code: 'parameter_invalid_integer', {"user":"    code: 'parameter_invalid_integer',","metadata":{"emulator":{"name":"functions"},"function":{"name":"us-central1-api"},"extension":{},"message":"\u001b[90m> \u001b[39m     code: 'parameter_invalid_integer',"}}
[info] >      doc_url: 'https://stripe.com/docs/error-codes/parameter-invalid-integer', {"user":"    doc_url: 'https://stripe.com/docs/error-codes/parameter-invalid-integer',","metadata":{"emulator":{"name":"functions"},"function":{"name":"us-central1-api"},"extension":{},"message":"\u001b[90m> \u001b[39m     doc_url: 'https://stripe.com/docs/error-codes/parameter-invalid-integer',"}}
[info] >      message: 'This value must be greater than or equal to 1.', {"user":"    message: 'This value must be greater than or equal to 1.',","metadata":{"emulator":{"name":"functions"},"function":{"name":"us-central1-api"},"extension":{},"message":"\u001b[90m> \u001b[39m     message: 'This value must be greater than or equal to 1.',"}}
[info] >      param: 'amount', {"user":"    param: 'amount',","metadata":{"emulator":{"name":"functions"},"function":{"name":"us-central1-api"},"extension":{},"message":"\u001b[90m> \u001b[39m     param: 'amount',"}}
[info] >      type: 'invalid_request_error', {"user":"    type: 'invalid_request_error',","metadata":{"emulator":{"name":"functions"},"function":{"name":"us-central1-api"},"extension":{},"message":"\u001b[90m> \u001b[39m     type: 'invalid_request_error',"}}
[info] >      headers: { {"user":"    headers: {","metadata":{"emulator":{"name":"functions"},"function":{"name":"us-central1-api"},"extension":{},"message":"\u001b[90m> \u001b[39m     headers: {"}}
[info] >        server: 'nginx', {"user":"      server: 'nginx',","metadata":{"emulator":{"name":"functions"},"function":{"name":"us-central1-api"},"extension":{},"message":"\u001b[90m> \u001b[39m       server: 'nginx',"}}
[info] >        date: 'Thu, 03 Mar 2022 09:31:37 GMT', {"user":"      date: 'Thu, 03 Mar 2022 09:31:37 GMT',","metadata":{"emulator":{"name":"functions"},"function":{"name":"us-central1-api"},"extension":{},"message":"\u001b[90m> \u001b[39m       date: 'Thu, 03 Mar 2022 09:31:37 GMT',"}}
[info] >        'content-type': 'application/json', {"user":"      'content-type': 'application/json',","metadata":{"emulator":{"name":"functions"},"function":{"name":"us-central1-api"},"extension":{},"message":"\u001b[90m> \u001b[39m       'content-type': 'application/json',"}}
[info] >        'content-length': '266', {"user":"      'content-length': '266',","metadata":{"emulator":{"name":"functions"},"function":{"name":"us-central1-api"},"extension":{},"message":"\u001b[90m> \u001b[39m       'content-length': '266',"}}
[info] >        connection: 'keep-alive', {"user":"      connection: 'keep-alive',","metadata":{"emulator":{"name":"functions"},"function":{"name":"us-central1-api"},"extension":{},"message":"\u001b[90m> \u001b[39m       connection: 'keep-alive',"}}
[info] >        'access-control-allow-credentials': 'true', {"user":"      'access-control-allow-credentials': 'true',","metadata":{"emulator":{"name":"functions"},"function":{"name":"us-central1-api"},"extension":{},"message":"\u001b[90m> \u001b[39m       'access-control-allow-credentials': 'true',"}}
[info] >        'access-control-allow-methods': 'GET, POST, HEAD, OPTIONS, DELETE', {"user":"      'access-control-allow-methods': 'GET, POST, HEAD, OPTIONS, DELETE',","metadata":{"emulator":{"name":"functions"},"function":{"name":"us-central1-api"},"extension":{},"message":"\u001b[90m> \u001b[39m       'access-control-allow-methods': 'GET, POST, HEAD, OPTIONS, DELETE',"}}
[info] >        'access-control-allow-origin': '*', {"user":"      'access-control-allow-origin': '*',","metadata":{"emulator":{"name":"functions"},"function":{"name":"us-central1-api"},"extension":{},"message":"\u001b[90m> \u001b[39m       'access-control-allow-origin': '*',"}}
[info] >        'access-control-expose-headers': 'Request-Id, Stripe-Manage-Version, X-Stripe-External-Auth-Required, X-Stripe-Privileged-Session-Required', {"user":"      'access-control-expose-headers': 'Request-Id, Stripe-Manage-Version, X-Stripe-External-Auth-Required, X-Stripe-Privileged-Session-Required',","metadata":{"emulator":{"name":"functions"},"function":{"name":"us-central1-api"},"extension":{},"message":"\u001b[90m> \u001b[39m       'access-control-expose-headers': 'Request-Id, Stripe-Manage-Version, X-Stripe-External-Auth-Required, X-Stripe-Privileged-Session-Required',"}}
[info] >        'access-control-max-age': '300', {"user":"      'access-control-max-age': '300',","metadata":{"emulator":{"name":"functions"},"function":{"name":"us-central1-api"},"extension":{},"message":"\u001b[90m> \u001b[39m       'access-control-max-age': '300',"}}
[info] >        'cache-control': 'no-cache, no-store', {"user":"      'cache-control': 'no-cache, no-store',","metadata":{"emulator":{"name":"functions"},"function":{"name":"us-central1-api"},"extension":{},"message":"\u001b[90m> \u001b[39m       'cache-control': 'no-cache, no-store',"}}
[info] >        'idempotency-key': '92a3019c-6bae-4738-b3bd-7fa08986914c', {"user":"      'idempotency-key': '92a3019c-6bae-4738-b3bd-7fa08986914c',","metadata":{"emulator":{"name":"functions"},"function":{"name":"us-central1-api"},"extension":{},"message":"\u001b[90m> \u001b[39m       'idempotency-key': '92a3019c-6bae-4738-b3bd-7fa08986914c',"}}
[info] >        'original-request': 'req_5EZgk83zqQZCrb', {"user":"      'original-request': 'req_5EZgk83zqQZCrb',","metadata":{"emulator":{"name":"functions"},"function":{"name":"us-central1-api"},"extension":{},"message":"\u001b[90m> \u001b[39m       'original-request': 'req_5EZgk83zqQZCrb',"}}
[info] >        'request-id': 'req_5EZgk83zqQZCrb', {"user":"      'request-id': 'req_5EZgk83zqQZCrb',","metadata":{"emulator":{"name":"functions"},"function":{"name":"us-central1-api"},"extension":{},"message":"\u001b[90m> \u001b[39m       'request-id': 'req_5EZgk83zqQZCrb',"}}
[info] >        'stripe-version': '2020-08-27', {"user":"      'stripe-version': '2020-08-27',","metadata":{"emulator":{"name":"functions"},"function":{"name":"us-central1-api"},"extension":{},"message":"\u001b[90m> \u001b[39m       'stripe-version': '2020-08-27',"}}
[info] >        'strict-transport-security': 'max-age=31556926; includeSubDomains; preload' {"user":"      'strict-transport-security': 'max-age=31556926; includeSubDomains; preload'","metadata":{"emulator":{"name":"functions"},"function":{"name":"us-central1-api"},"extension":{},"message":"\u001b[90m> \u001b[39m       'strict-transport-security': 'max-age=31556926; includeSubDomains; preload'"}}
[info] >      }, {"user":"    },","metadata":{"emulator":{"name":"functions"},"function":{"name":"us-central1-api"},"extension":{},"message":"\u001b[90m> \u001b[39m     },"}}
[info] >      statusCode: 400, {"user":"    statusCode: 400,","metadata":{"emulator":{"name":"functions"},"function":{"name":"us-central1-api"},"extension":{},"message":"\u001b[90m> \u001b[39m     statusCode: 400,"}}
[info] >      requestId: 'req_5EZgk83zqQZCrb' {"user":"    requestId: 'req_5EZgk83zqQZCrb'","metadata":{"emulator":{"name":"functions"},"function":{"name":"us-central1-api"},"extension":{},"message":"\u001b[90m> \u001b[39m     requestId: 'req_5EZgk83zqQZCrb'"}}
[info] >    }, {"user":"  },","metadata":{"emulator":{"name":"functions"},"function":{"name":"us-central1-api"},"extension":{},"message":"\u001b[90m> \u001b[39m   },"}}
[info] >    rawType: 'invalid_request_error', {"user":"  rawType: 'invalid_request_error',","metadata":{"emulator":{"name":"functions"},"function":{"name":"us-central1-api"},"extension":{},"message":"\u001b[90m> \u001b[39m   rawType: 'invalid_request_error',"}}
[info] >    code: 'parameter_invalid_integer', {"user":"  code: 'parameter_invalid_integer',","metadata":{"emulator":{"name":"functions"},"function":{"name":"us-central1-api"},"extension":{},"message":"\u001b[90m> \u001b[39m   code: 'parameter_invalid_integer',"}}
[info] >    doc_url: 'https://stripe.com/docs/error-codes/parameter-invalid-integer', {"user":"  doc_url: 'https://stripe.com/docs/error-codes/parameter-invalid-integer',","metadata":{"emulator":{"name":"functions"},"function":{"name":"us-central1-api"},"extension":{},"message":"\u001b[90m> \u001b[39m   doc_url: 'https://stripe.com/docs/error-codes/parameter-invalid-integer',"}}
[info] >    param: 'amount', {"user":"  param: 'amount',","metadata":{"emulator":{"name":"functions"},"function":{"name":"us-central1-api"},"extension":{},"message":"\u001b[90m> \u001b[39m   param: 'amount',"}}
[info] >    detail: undefined, {"user":"  detail: undefined,","metadata":{"emulator":{"name":"functions"},"function":{"name":"us-central1-api"},"extension":{},"message":"\u001b[90m> \u001b[39m   detail: undefined,"}}
[info] >    headers: { {"user":"  headers: {","metadata":{"emulator":{"name":"functions"},"function":{"name":"us-central1-api"},"extension":{},"message":"\u001b[90m> \u001b[39m   headers: {"}}
[info] >      server: 'nginx', {"user":"    server: 'nginx',","metadata":{"emulator":{"name":"functions"},"function":{"name":"us-central1-api"},"extension":{},"message":"\u001b[90m> \u001b[39m     server: 'nginx',"}}
[info] >      date: 'Thu, 03 Mar 2022 09:31:37 GMT', {"user":"    date: 'Thu, 03 Mar 2022 09:31:37 GMT',","metadata":{"emulator":{"name":"functions"},"function":{"name":"us-central1-api"},"extension":{},"message":"\u001b[90m> \u001b[39m     date: 'Thu, 03 Mar 2022 09:31:37 GMT',"}}
[info] >      'content-type': 'application/json', {"user":"    'content-type': 'application/json',","metadata":{"emulator":{"name":"functions"},"function":{"name":"us-central1-api"},"extension":{},"message":"\u001b[90m> \u001b[39m     'content-type': 'application/json',"}}
[info] >      'content-length': '266', {"user":"    'content-length': '266',","metadata":{"emulator":{"name":"functions"},"function":{"name":"us-central1-api"},"extension":{},"message":"\u001b[90m> \u001b[39m     'content-length': '266',"}}
[info] >      connection: 'keep-alive', {"user":"    connection: 'keep-alive',","metadata":{"emulator":{"name":"functions"},"function":{"name":"us-central1-api"},"extension":{},"message":"\u001b[90m> \u001b[39m     connection: 'keep-alive',"}}
[info] >      'access-control-allow-credentials': 'true', {"user":"    'access-control-allow-credentials': 'true',","metadata":{"emulator":{"name":"functions"},"function":{"name":"us-central1-api"},"extension":{},"message":"\u001b[90m> \u001b[39m     'access-control-allow-credentials': 'true',"}}
[info] >      'access-control-allow-methods': 'GET, POST, HEAD, OPTIONS, DELETE', {"user":"    'access-control-allow-methods': 'GET, POST, HEAD, OPTIONS, DELETE',","metadata":{"emulator":{"name":"functions"},"function":{"name":"us-central1-api"},"extension":{},"message":"\u001b[90m> \u001b[39m     'access-control-allow-methods': 'GET, POST, HEAD, OPTIONS, DELETE',"}}
[info] >      'access-control-allow-origin': '*', {"user":"    'access-control-allow-origin': '*',","metadata":{"emulator":{"name":"functions"},"function":{"name":"us-central1-api"},"extension":{},"message":"\u001b[90m> \u001b[39m     'access-control-allow-origin': '*',"}}
[info] >      'access-control-expose-headers': 'Request-Id, Stripe-Manage-Version, X-Stripe-External-Auth-Required, X-Stripe-Privileged-Session-Required', {"user":"    'access-control-expose-headers': 'Request-Id, Stripe-Manage-Version, X-Stripe-External-Auth-Required, X-Stripe-Privileged-Session-Required',","metadata":{"emulator":{"name":"functions"},"function":{"name":"us-central1-api"},"extension":{},"message":"\u001b[90m> \u001b[39m     'access-control-expose-headers': 'Request-Id, Stripe-Manage-Version, X-Stripe-External-Auth-Required, X-Stripe-Privileged-Session-Required',"}}
[info] >      'access-control-max-age': '300', {"user":"    'access-control-max-age': '300',","metadata":{"emulator":{"name":"functions"},"function":{"name":"us-central1-api"},"extension":{},"message":"\u001b[90m> \u001b[39m     'access-control-max-age': '300',"}}
[info] >      'cache-control': 'no-cache, no-store', {"user":"    'cache-control': 'no-cache, no-store',","metadata":{"emulator":{"name":"functions"},"function":{"name":"us-central1-api"},"extension":{},"message":"\u001b[90m> \u001b[39m     'cache-control': 'no-cache, no-store',"}}
[info] >      'idempotency-key': '92a3019c-6bae-4738-b3bd-7fa08986914c', {"user":"    'idempotency-key': '92a3019c-6bae-4738-b3bd-7fa08986914c',","metadata":{"emulator":{"name":"functions"},"function":{"name":"us-central1-api"},"extension":{},"message":"\u001b[90m> \u001b[39m     'idempotency-key': '92a3019c-6bae-4738-b3bd-7fa08986914c',"}}
[info] >      'original-request': 'req_5EZgk83zqQZCrb', {"user":"    'original-request': 'req_5EZgk83zqQZCrb',","metadata":{"emulator":{"name":"functions"},"function":{"name":"us-central1-api"},"extension":{},"message":"\u001b[90m> \u001b[39m     'original-request': 'req_5EZgk83zqQZCrb',"}}
[info] >      'request-id': 'req_5EZgk83zqQZCrb', {"user":"    'request-id': 'req_5EZgk83zqQZCrb',","metadata":{"emulator":{"name":"functions"},"function":{"name":"us-central1-api"},"extension":{},"message":"\u001b[90m> \u001b[39m     'request-id': 'req_5EZgk83zqQZCrb',"}}
[info] >      'stripe-version': '2020-08-27', {"user":"    'stripe-version': '2020-08-27',","metadata":{"emulator":{"name":"functions"},"function":{"name":"us-central1-api"},"extension":{},"message":"\u001b[90m> \u001b[39m     'stripe-version': '2020-08-27',"}}
[info] >      'strict-transport-security': 'max-age=31556926; includeSubDomains; preload' {"user":"    'strict-transport-security': 'max-age=31556926; includeSubDomains; preload'","metadata":{"emulator":{"name":"functions"},"function":{"name":"us-central1-api"},"extension":{},"message":"\u001b[90m> \u001b[39m     'strict-transport-security': 'max-age=31556926; includeSubDomains; preload'"}}
[info] >    }, {"user":"  },","metadata":{"emulator":{"name":"functions"},"function":{"name":"us-central1-api"},"extension":{},"message":"\u001b[90m> \u001b[39m   },"}}
[info] >    requestId: 'req_5EZgk83zqQZCrb', {"user":"  requestId: 'req_5EZgk83zqQZCrb',","metadata":{"emulator":{"name":"functions"},"function":{"name":"us-central1-api"},"extension":{},"message":"\u001b[90m> \u001b[39m   requestId: 'req_5EZgk83zqQZCrb',"}}
[info] >    statusCode: 400, {"user":"  statusCode: 400,","metadata":{"emulator":{"name":"functions"},"function":{"name":"us-central1-api"},"extension":{},"message":"\u001b[90m> \u001b[39m   statusCode: 400,"}}
[info] >    charge: undefined, {"user":"  charge: undefined,","metadata":{"emulator":{"name":"functions"},"function":{"name":"us-central1-api"},"extension":{},"message":"\u001b[90m> \u001b[39m   charge: undefined,"}}
[info] >    decline_code: undefined, {"user":"  decline_code: undefined,","metadata":{"emulator":{"name":"functions"},"function":{"name":"us-central1-api"},"extension":{},"message":"\u001b[90m> \u001b[39m   decline_code: undefined,"}}
[info] >    payment_intent: undefined, {"user":"  payment_intent: undefined,","metadata":{"emulator":{"name":"functions"},"function":{"name":"us-central1-api"},"extension":{},"message":"\u001b[90m> \u001b[39m   payment_intent: undefined,"}}
[info] >    payment_method: undefined, {"user":"  payment_method: undefined,","metadata":{"emulator":{"name":"functions"},"function":{"name":"us-central1-api"},"extension":{},"message":"\u001b[90m> \u001b[39m   payment_method: undefined,"}}
[info] >    payment_method_type: undefined, {"user":"  payment_method_type: undefined,","metadata":{"emulator":{"name":"functions"},"function":{"name":"us-central1-api"},"extension":{},"message":"\u001b[90m> \u001b[39m   payment_method_type: undefined,"}}
[info] >    setup_intent: undefined, {"user":"  setup_intent: undefined,","metadata":{"emulator":{"name":"functions"},"function":{"name":"us-central1-api"},"extension":{},"message":"\u001b[90m> \u001b[39m   setup_intent: undefined,"}}
[info] >    source: undefined {"user":"  source: undefined","metadata":{"emulator":{"name":"functions"},"function":{"name":"us-central1-api"},"extension":{},"message":"\u001b[90m> \u001b[39m   source: undefined"}}
[info] >  } {"user":"}","metadata":{"emulator":{"name":"functions"},"function":{"name":"us-central1-api"},"extension":{},"message":"\u001b[90m> \u001b[39m }"}}
[debug] [2022-03-03T09:31:37.580Z] [worker-us-central1-api-12030a74-9175-4590-9d11-f25f76d0e267]: exited {"metadata":{"emulator":{"name":"functions"},"message":"[worker-us-central1-api-12030a74-9175-4590-9d11-f25f76d0e267]: exited"}}
[debug] [2022-03-03T09:31:37.580Z] [worker-us-central1-api-12030a74-9175-4590-9d11-f25f76d0e267]: FINISHED {"metadata":{"emulator":{"name":"functions"},"message":"[worker-us-central1-api-12030a74-9175-4590-9d11-f25f76d0e267]: FINISHED"}}
[debug] [2022-03-03T09:31:37.580Z] [work-queue] {"queueLength":0,"workRunningCount":0}
